<?xml version="1.0" encoding="UTF-8"?>
<testsuite name="Redireccionar pagina WEB" tests="1" skipped="0" failures="0" errors="0" timestamp="2021-06-03T20:11:49" hostname="OSCAR-PC" time="9.899">
  <properties/>
  <testcase name="Entrar a una Pagina WEB y darle click en dos opciones que redireccionan" classname="Redireccionar pagina WEB" time="9.899"/>
  <system-out><![CDATA[Status Codes
]]></system-out>
  <system-err><![CDATA[jun 03, 2021 3:11:50 PM org.openqa.selenium.remote.DesiredCapabilities chrome
INFORMACIÓN: Using `new ChromeOptions()` is preferred to `DesiredCapabilities.chrome()`
[Test worker] INFO net.serenitybdd.core.webdriver.driverproviders.ProvideNewDriver - Instantiating driver
[Test worker] INFO net.serenitybdd.core.webdriver.driverproviders.ProvideNewDriver - Driver capabilities: Capabilities {acceptInsecureCerts: false, browserName: chrome, chrome.switches: --start-maximized, --incognito, goog:chromeOptions: {args: [--start-maximized, --incognito], extensions: []}, loggingPrefs: org.openqa.selenium.logging..., platform: ANY, version: }
Starting ChromeDriver 91.0.4472.19 (1bf021f248676a0b2ab3ee0561d83a59e424c23e-refs/branch-heads/4472@{#288}) on port 2712
Only local connections are allowed.
Please see https://chromedriver.chromium.org/security-considerations for suggestions on keeping ChromeDriver safe.
ChromeDriver was started successfully.
jun 03, 2021 3:11:53 PM org.openqa.selenium.remote.ProtocolHandshake createSession
INFORMACIÓN: Detected dialect: W3C
[Test worker] INFO net.thucydides.core.steps.ConsoleLoggingListener - 
        __    _____ _____ ____ _____   ____   _    ____  ____  _____ ____  
  _     \ \  |_   _| ____/ ___|_   _| |  _ \ / \  / ___|/ ___|| ____|  _ \ 
 (_)_____| |   | | |  _| \___ \ | |   | |_) / _ \ \___ \\___ \|  _| | | | |
  _|_____| |   | | | |___ ___) || |   |  __/ ___ \ ___) |___) | |___| |_| |
 (_)     | |   |_| |_____|____/ |_|   |_| /_/   \_\____/|____/|_____|____/ 
        /_/                                                                

TEST PASSED: Entrar a una Pagina WEB y darle click en dos opciones que redireccionan
----------------------------------------------------------------------------
]]></system-err>
</testsuite>
